<?xml version="1.0" encoding="UTF-8"?>
<coverage generated="1580095079659" clover="3.2.0">
  <project timestamp="1580095079659" name="All files">
    <metrics statements="27" coveredstatements="26" conditionals="12" coveredconditionals="10" methods="11" coveredmethods="10" elements="50" coveredelements="46" complexity="0" loc="27" ncloc="27" packages="3" files="5" classes="5"/>
    <package name="Models">
      <metrics statements="15" coveredstatements="14" conditionals="8" coveredconditionals="6" methods="6" coveredmethods="5"/>
      <file name="DateTime.ts" path="/Users/adamlind/Development/TollCalculator/src/Models/DateTime.ts">
        <metrics statements="8" coveredstatements="7" conditionals="4" coveredconditionals="3" methods="2" coveredmethods="2"/>
        <line num="1" count="2" type="stmt"/>
        <line num="2" count="2" type="stmt"/>
        <line num="3" count="3" type="stmt"/>
        <line num="4" count="3" type="stmt"/>
        <line num="6" count="3" type="stmt"/>
        <line num="7" count="1" type="stmt"/>
        <line num="8" count="1" type="cond" truecount="3" falsecount="1"/>
        <line num="9" count="0" type="stmt"/>
      </file>
      <file name="Vehicle.ts" path="/Users/adamlind/Development/TollCalculator/src/Models/Vehicle.ts">
        <metrics statements="7" coveredstatements="7" conditionals="4" coveredconditionals="3" methods="4" coveredmethods="3"/>
        <line num="1" count="1" type="stmt"/>
        <line num="4" count="1" type="stmt"/>
        <line num="5" count="1" type="stmt"/>
        <line num="6" count="1" type="stmt"/>
        <line num="7" count="1" type="cond" truecount="2" falsecount="0"/>
        <line num="10" count="1" type="stmt"/>
        <line num="11" count="1" type="stmt"/>
      </file>
    </package>
    <package name="Services">
      <metrics statements="4" coveredstatements="4" conditionals="0" coveredconditionals="0" methods="3" coveredmethods="3"/>
      <file name="HolidayService.ts" path="/Users/adamlind/Development/TollCalculator/src/Services/HolidayService.ts">
        <metrics statements="4" coveredstatements="4" conditionals="0" coveredconditionals="0" methods="3" coveredmethods="3"/>
        <line num="2" count="1" type="stmt"/>
        <line num="3" count="1" type="stmt"/>
        <line num="4" count="1" type="stmt"/>
        <line num="5" count="2" type="stmt"/>
      </file>
    </package>
    <package name="Types">
      <metrics statements="8" coveredstatements="8" conditionals="4" coveredconditionals="4" methods="2" coveredmethods="2"/>
      <file name="TimeGrading.ts" path="/Users/adamlind/Development/TollCalculator/src/Types/TimeGrading.ts">
        <metrics statements="4" coveredstatements="4" conditionals="2" coveredconditionals="2" methods="1" coveredmethods="1"/>
        <line num="1" count="2" type="cond" truecount="2" falsecount="0"/>
        <line num="2" count="2" type="stmt"/>
        <line num="3" count="2" type="stmt"/>
        <line num="4" count="2" type="stmt"/>
      </file>
      <file name="Vehicle.ts" path="/Users/adamlind/Development/TollCalculator/src/Types/Vehicle.ts">
        <metrics statements="4" coveredstatements="4" conditionals="2" coveredconditionals="2" methods="1" coveredmethods="1"/>
        <line num="1" count="1" type="cond" truecount="2" falsecount="0"/>
        <line num="2" count="1" type="stmt"/>
        <line num="3" count="1" type="stmt"/>
        <line num="4" count="1" type="stmt"/>
      </file>
    </package>
  </project>
</coverage>
