{"/Users/adamlind/Development/TollCalculator/src/Models/DateTime.ts": {"path":"/Users/adamlind/Development/TollCalculator/src/Models/DateTime.ts","statementMap":{"0":{"start":{"line":1,"column":0},"end":{"line":1,"column":50}},"1":{"start":{"line":4,"column":2},"end":{"line":4,"column":null}},"2":{"start":{"line":3,"column":21},"end":{"line":3,"column":31}},"3":{"start":{"line":6,"column":8},"end":{"line":11,"column":null}},"4":{"start":{"line":7,"column":15},"end":{"line":7,"column":35}},"5":{"start":{"line":8,"column":2},"end":{"line":8,"column":null}},"6":{"start":{"line":8,"column":61},"end":{"line":8,"column":null}},"7":{"start":{"line":9,"column":2},"end":{"line":9,"column":null}},"8":{"start":{"line":9,"column":62},"end":{"line":9,"column":null}},"9":{"start":{"line":10,"column":2},"end":{"line":10,"column":null}},"10":{"start":{"line":2,"column":0},"end":{"line":2,"column":21}}},"fnMap":{"0":{"name":"(anonymous_0)","decl":{"start":{"line":3,"column":1},"end":{"line":3,"column":21}},"loc":{"start":{"line":3,"column":31},"end":{"line":5,"column":2}}},"1":{"name":"(anonymous_1)","decl":{"start":{"line":6,"column":28},"end":{"line":6,"column":31}},"loc":{"start":{"line":6,"column":33},"end":{"line":11,"column":2}}}},"branchMap":{"0":{"loc":{"start":{"line":8,"column":2},"end":{"line":8,"column":null}},"type":"if","locations":[{"start":{"line":8,"column":2},"end":{"line":8,"column":null}},{"start":{"line":8,"column":2},"end":{"line":8,"column":null}}]},"1":{"loc":{"start":{"line":8,"column":7},"end":{"line":8,"column":16}},"type":"binary-expr","locations":[{"start":{"line":8,"column":7},"end":{"line":8,"column":16}},{"start":{"line":8,"column":20},"end":{"line":8,"column":29}},{"start":{"line":8,"column":35},"end":{"line":8,"column":45}},{"start":{"line":8,"column":49},"end":{"line":8,"column":58}}]},"2":{"loc":{"start":{"line":9,"column":2},"end":{"line":9,"column":null}},"type":"if","locations":[{"start":{"line":9,"column":2},"end":{"line":9,"column":null}},{"start":{"line":9,"column":2},"end":{"line":9,"column":null}}]},"3":{"loc":{"start":{"line":9,"column":7},"end":{"line":9,"column":17}},"type":"binary-expr","locations":[{"start":{"line":9,"column":7},"end":{"line":9,"column":17}},{"start":{"line":9,"column":21},"end":{"line":9,"column":30}},{"start":{"line":9,"column":36},"end":{"line":9,"column":46}},{"start":{"line":9,"column":50},"end":{"line":9,"column":59}}]}},"s":{"0":3,"1":4,"2":4,"3":4,"4":1,"5":1,"6":1,"7":0,"8":0,"9":0,"10":3},"f":{"0":4,"1":1},"b":{"0":[1,0],"1":[1,1,0,0],"2":[0,0],"3":[0,0,0,0]}}
,"/Users/adamlind/Development/TollCalculator/src/Models/Vehicle.ts": {"path":"/Users/adamlind/Development/TollCalculator/src/Models/Vehicle.ts","statementMap":{"0":{"start":{"line":1,"column":0},"end":{"line":1,"column":46}},"1":{"start":{"line":2,"column":0},"end":{"line":2,"column":33}},"2":{"start":{"line":6,"column":21},"end":{"line":6,"column":45}},"3":{"start":{"line":5,"column":9},"end":{"line":5,"column":null}},"4":{"start":{"line":7,"column":8},"end":{"line":10,"column":null}},"5":{"start":{"line":8,"column":2},"end":{"line":10,"column":10}},"6":{"start":{"line":11,"column":8},"end":{"line":11,"column":null}},"7":{"start":{"line":11,"column":44},"end":{"line":11,"column":60}},"8":{"start":{"line":12,"column":8},"end":{"line":12,"column":null}},"9":{"start":{"line":4,"column":0},"end":{"line":4,"column":null}}},"fnMap":{"0":{"name":"(anonymous_0)","decl":{"start":{"line":6,"column":1},"end":{"line":6,"column":21}},"loc":{"start":{"line":6,"column":45},"end":{"line":6,"column":49}}},"1":{"name":"(anonymous_1)","decl":{"start":{"line":7,"column":26},"end":{"line":7,"column":38}},"loc":{"start":{"line":8,"column":2},"end":{"line":10,"column":10}}},"2":{"name":"(anonymous_2)","decl":{"start":{"line":11,"column":25},"end":{"line":11,"column":41}},"loc":{"start":{"line":11,"column":44},"end":{"line":11,"column":60}}},"3":{"name":"(anonymous_3)","decl":{"start":{"line":12,"column":15},"end":{"line":12,"column":16}},"loc":{"start":{"line":12,"column":57},"end":{"line":12,"column":60}}}},"branchMap":{"0":{"loc":{"start":{"line":9,"column":5},"end":{"line":9,"column":9}},"type":"cond-expr","locations":[{"start":{"line":9,"column":5},"end":{"line":9,"column":9}},{"start":{"line":10,"column":5},"end":{"line":10,"column":10}}]},"1":{"loc":{"start":{"line":8,"column":2},"end":{"line":8,"column":43}},"type":"binary-expr","locations":[{"start":{"line":8,"column":2},"end":{"line":8,"column":43}},{"start":{"line":8,"column":47},"end":{"line":8,"column":93}}]}},"s":{"0":1,"1":1,"2":1,"3":1,"4":1,"5":1,"6":1,"7":1,"8":1,"9":1},"f":{"0":1,"1":1,"2":1,"3":0},"b":{"0":[0,1],"1":[1,1]}}
,"/Users/adamlind/Development/TollCalculator/src/Services/HolidayService.ts": {"path":"/Users/adamlind/Development/TollCalculator/src/Services/HolidayService.ts","statementMap":{"0":{"start":{"line":3,"column":21},"end":{"line":3,"column":41}},"1":{"start":{"line":4,"column":8},"end":{"line":5,"column":null}},"2":{"start":{"line":5,"column":2},"end":{"line":5,"column":77}},"3":{"start":{"line":5,"column":36},"end":{"line":5,"column":76}},"4":{"start":{"line":2,"column":0},"end":{"line":2,"column":null}}},"fnMap":{"0":{"name":"(anonymous_0)","decl":{"start":{"line":3,"column":1},"end":{"line":3,"column":21}},"loc":{"start":{"line":3,"column":41},"end":{"line":3,"column":45}}},"1":{"name":"(anonymous_1)","decl":{"start":{"line":4,"column":20},"end":{"line":4,"column":21}},"loc":{"start":{"line":5,"column":2},"end":{"line":5,"column":77}}},"2":{"name":"(anonymous_2)","decl":{"start":{"line":5,"column":21},"end":{"line":5,"column":32}},"loc":{"start":{"line":5,"column":36},"end":{"line":5,"column":76}}}},"branchMap":{},"s":{"0":1,"1":1,"2":2,"3":2,"4":1},"f":{"0":1,"1":2,"2":2},"b":{}}
,"/Users/adamlind/Development/TollCalculator/src/Types/TimeGrading.ts": {"path":"/Users/adamlind/Development/TollCalculator/src/Types/TimeGrading.ts","statementMap":{"0":{"start":{"line":1,"column":0},"end":{"line":1,"column":null}},"1":{"start":{"line":2,"column":1},"end":{"line":2,"column":null}},"2":{"start":{"line":3,"column":1},"end":{"line":3,"column":null}},"3":{"start":{"line":4,"column":1},"end":{"line":4,"column":null}}},"fnMap":{"0":{"name":"(anonymous_0)","decl":{"start":{"line":1,"column":0},"end":{"line":1,"column":12}},"loc":{"start":{"line":1,"column":23},"end":{"line":5,"column":1}}}},"branchMap":{"0":{"loc":{"start":{"line":1,"column":12},"end":{"line":1,"column":23}},"type":"binary-expr","locations":[{"start":{"line":1,"column":12},"end":{"line":1,"column":23}},{"start":{"line":1,"column":12},"end":{"line":1,"column":null}}]}},"s":{"0":3,"1":3,"2":3,"3":3},"f":{"0":3},"b":{"0":[3,3]}}
,"/Users/adamlind/Development/TollCalculator/src/Types/Vehicle.ts": {"path":"/Users/adamlind/Development/TollCalculator/src/Types/Vehicle.ts","statementMap":{"0":{"start":{"line":1,"column":0},"end":{"line":1,"column":null}},"1":{"start":{"line":2,"column":1},"end":{"line":2,"column":null}},"2":{"start":{"line":3,"column":1},"end":{"line":3,"column":null}},"3":{"start":{"line":4,"column":1},"end":{"line":4,"column":null}}},"fnMap":{"0":{"name":"(anonymous_0)","decl":{"start":{"line":1,"column":0},"end":{"line":1,"column":12}},"loc":{"start":{"line":1,"column":23},"end":{"line":5,"column":1}}}},"branchMap":{"0":{"loc":{"start":{"line":1,"column":12},"end":{"line":1,"column":23}},"type":"binary-expr","locations":[{"start":{"line":1,"column":12},"end":{"line":1,"column":23}},{"start":{"line":1,"column":12},"end":{"line":1,"column":null}}]}},"s":{"0":1,"1":1,"2":1,"3":1},"f":{"0":1},"b":{"0":[1,1]}}
}
