{"/Users/adamlind/Development/TollCalculator/src/Models/Vehicle.ts": {"path":"/Users/adamlind/Development/TollCalculator/src/Models/Vehicle.ts","statementMap":{"0":{"start":{"line":1,"column":0},"end":{"line":1,"column":46}},"1":{"start":{"line":4,"column":21},"end":{"line":4,"column":45}},"2":{"start":{"line":5,"column":8},"end":{"line":8,"column":null}},"3":{"start":{"line":6,"column":2},"end":{"line":8,"column":10}},"4":{"start":{"line":9,"column":8},"end":{"line":9,"column":null}},"5":{"start":{"line":9,"column":34},"end":{"line":9,"column":50}},"6":{"start":{"line":3,"column":0},"end":{"line":3,"column":null}}},"fnMap":{"0":{"name":"(anonymous_0)","decl":{"start":{"line":4,"column":1},"end":{"line":4,"column":21}},"loc":{"start":{"line":4,"column":45},"end":{"line":4,"column":49}}},"1":{"name":"(anonymous_1)","decl":{"start":{"line":5,"column":26},"end":{"line":5,"column":38}},"loc":{"start":{"line":6,"column":2},"end":{"line":8,"column":10}}},"2":{"name":"(anonymous_2)","decl":{"start":{"line":9,"column":15},"end":{"line":9,"column":31}},"loc":{"start":{"line":9,"column":34},"end":{"line":9,"column":50}}}},"branchMap":{"0":{"loc":{"start":{"line":7,"column":5},"end":{"line":7,"column":9}},"type":"cond-expr","locations":[{"start":{"line":7,"column":5},"end":{"line":7,"column":9}},{"start":{"line":8,"column":5},"end":{"line":8,"column":10}}]},"1":{"loc":{"start":{"line":6,"column":2},"end":{"line":6,"column":43}},"type":"binary-expr","locations":[{"start":{"line":6,"column":2},"end":{"line":6,"column":43}},{"start":{"line":6,"column":47},"end":{"line":6,"column":93}}]}},"s":{"0":1,"1":1,"2":1,"3":1,"4":1,"5":1,"6":1},"f":{"0":1,"1":1,"2":1},"b":{"0":[0,1],"1":[1,1]}}
,"/Users/adamlind/Development/TollCalculator/src/Services/HolidayService.ts": {"path":"/Users/adamlind/Development/TollCalculator/src/Services/HolidayService.ts","statementMap":{"0":{"start":{"line":2,"column":21},"end":{"line":2,"column":37}},"1":{"start":{"line":3,"column":8},"end":{"line":4,"column":null}},"2":{"start":{"line":4,"column":2},"end":{"line":4,"column":77}},"3":{"start":{"line":4,"column":36},"end":{"line":4,"column":76}},"4":{"start":{"line":1,"column":0},"end":{"line":1,"column":null}}},"fnMap":{"0":{"name":"(anonymous_0)","decl":{"start":{"line":2,"column":1},"end":{"line":2,"column":21}},"loc":{"start":{"line":2,"column":37},"end":{"line":2,"column":41}}},"1":{"name":"(anonymous_1)","decl":{"start":{"line":3,"column":20},"end":{"line":3,"column":21}},"loc":{"start":{"line":4,"column":2},"end":{"line":4,"column":77}}},"2":{"name":"(anonymous_2)","decl":{"start":{"line":4,"column":21},"end":{"line":4,"column":32}},"loc":{"start":{"line":4,"column":36},"end":{"line":4,"column":76}}}},"branchMap":{},"s":{"0":1,"1":1,"2":2,"3":2,"4":1},"f":{"0":1,"1":2,"2":2},"b":{}}
,"/Users/adamlind/Development/TollCalculator/src/Types/Vehicle.ts": {"path":"/Users/adamlind/Development/TollCalculator/src/Types/Vehicle.ts","statementMap":{"0":{"start":{"line":1,"column":0},"end":{"line":1,"column":null}},"1":{"start":{"line":2,"column":1},"end":{"line":2,"column":null}},"2":{"start":{"line":3,"column":1},"end":{"line":3,"column":null}},"3":{"start":{"line":4,"column":1},"end":{"line":4,"column":null}}},"fnMap":{"0":{"name":"(anonymous_0)","decl":{"start":{"line":1,"column":0},"end":{"line":1,"column":12}},"loc":{"start":{"line":1,"column":23},"end":{"line":5,"column":1}}}},"branchMap":{"0":{"loc":{"start":{"line":1,"column":12},"end":{"line":1,"column":23}},"type":"binary-expr","locations":[{"start":{"line":1,"column":12},"end":{"line":1,"column":23}},{"start":{"line":1,"column":12},"end":{"line":1,"column":null}}]}},"s":{"0":1,"1":1,"2":1,"3":1},"f":{"0":1},"b":{"0":[1,1]}}
}
